<?xml version="1.0" encoding="UTF-8"?>
<!-- Generated by org.testng.reporters.JUnitXMLReporter -->
<testsuite ignored="0" hostname="DESKTOP-Q2RM1HI" failures="0" tests="5" name="Test_Search" time="43.345" errors="0" timestamp="2021-12-31T13:13:51 IST">
  <testcase classname="pomTests.SearchCustomer" name="loginCusts" time="6.611"/>
  <testcase classname="pomTests.SearchCustomer" name="clickCustomer1" time="1.487"/>
  <testcase classname="pomTests.SearchCustomer" name="clickSubCustomer2" time="3.875"/>
  <testcase classname="pomTests.SearchCustomer" name="searchTheCustomer" time="8.436">
    <skipped/>
  </testcase> <!-- searchTheCustomer -->
  <testcase classname="pomTests.SearchCustomer" name="searchTheCustomer" time="12.39"/>
</testsuite> <!-- Test_Search -->
