<?xml version="1.0" encoding="UTF-8"?>
<!-- Generated by org.testng.reporters.JUnitXMLReporter -->
<testsuite ignored="0" hostname="DESKTOP-Q2RM1HI" failures="0" tests="5" name="Test41" time="37.779" errors="0" timestamp="2021-12-31T09:50:30 IST">
  <testcase classname="pomTests.SearchCustomer" name="loginCusts" time="4.578"/>
  <testcase classname="pomTests.SearchCustomer" name="clickCustomer1" time="1.14"/>
  <testcase classname="pomTests.SearchCustomer" name="clickSubCustomer2" time="3.15"/>
  <testcase classname="pomTests.SearchCustomer" name="searchTheCustomer" time="8.179">
    <skipped/>
  </testcase> <!-- searchTheCustomer -->
  <testcase classname="pomTests.SearchCustomer" name="searchTheCustomer" time="12.357"/>
</testsuite> <!-- Test41 -->
