<?xml version="1.0" encoding="UTF-8"?>
<!-- Generated by org.testng.reporters.JUnitXMLReporter -->
<testsuite ignored="0" hostname="DESKTOP-Q2RM1HI" failures="0" tests="3" name="Test2" time="20.719" errors="0" timestamp="2021-12-31T09:50:13 IST">
  <testcase classname="pomTests.AddCustomer" name="loginCusts" time="6.373"/>
  <testcase classname="pomTests.AddCustomer" name="addCustomerDetails" time="4.917"/>
  <testcase classname="pomTests.AddCustomer" name="logout" time="1.266"/>
</testsuite> <!-- Test2 -->
