<?xml version="1.0" encoding="UTF-8"?>
<!-- Generated by org.testng.reporters.JUnitXMLReporter -->
<testsuite ignored="0" hostname="DESKTOP-Q2RM1HI" failures="0" tests="3" name="Test_Addcust" time="28.893" errors="0" timestamp="2021-12-31T13:13:37 IST">
  <testcase classname="pomTests.AddCustomer_throughProp" name="loginCusts" time="9.361"/>
  <testcase classname="pomTests.AddCustomer_throughProp" name="addCustomerDetails" time="5.986"/>
  <testcase classname="pomTests.AddCustomer_throughProp" name="logout" time="2.645"/>
</testsuite> <!-- Test_Addcust -->
