<?xml version="1.0" encoding="UTF-8"?>
<!-- Generated by org.testng.reporters.JUnitXMLReporter -->
<testsuite ignored="0" hostname="DESKTOP-Q2RM1HI" failures="0" tests="2" name="Test_Addcus_pass throuigh excel" time="52.577" errors="0" timestamp="2022-01-07T15:01:37 IST">
  <testcase classname="pomTests.AddCus_throughXl" name="loginCusts" time="6.647"/>
  <testcase classname="pomTests.AddCus_throughXl" name="RegistrationDataDrivernTest" time="35.866"/>
</testsuite> <!-- Test_Addcus_pass throuigh excel -->
