<?xml version="1.0" encoding="UTF-8"?>
<!-- Generated by org.testng.reporters.JUnitXMLReporter -->
<testsuite hostname="DESKTOP-Q2RM1HI" ignored="0" name="Test_Search" tests="5" failures="0" timestamp="2022-01-11T12:42:15 IST" time="74.065" errors="0">
  <testcase name="loginCusts" time="13.984" classname="pomTests.SearchCustomer"/>
  <testcase name="clickCustomer1" time="1.15" classname="pomTests.SearchCustomer"/>
  <testcase name="clickSubCustomer2" time="3.756" classname="pomTests.SearchCustomer"/>
  <testcase name="searchTheCustomer" time="8.272" classname="pomTests.SearchCustomer">
    <skipped/>
  </testcase> <!-- searchTheCustomer -->
  <testcase name="searchTheCustomer" time="12.503" classname="pomTests.SearchCustomer"/>
</testsuite> <!-- Test_Search -->
