<?xml version="1.0" encoding="UTF-8"?>
<!-- Generated by org.testng.reporters.JUnitXMLReporter -->
<testsuite ignored="0" hostname="DESKTOP-Q2RM1HI" failures="0" tests="3" name="Test_Addcust" time="24.331" errors="0" timestamp="2022-01-07T15:01:08 IST">
  <testcase classname="pomTests.AddCustomer_throughProp" name="loginCusts" time="6.846"/>
  <testcase classname="pomTests.AddCustomer_throughProp" name="addCustomerDetails" time="5.834"/>
  <testcase classname="pomTests.AddCustomer_throughProp" name="logout" time="1.242"/>
</testsuite> <!-- Test_Addcust -->
