<?xml version="1.0" encoding="UTF-8"?>
<!-- Generated by org.testng.reporters.JUnitXMLReporter -->
<testsuite hostname="DESKTOP-Q2RM1HI" ignored="0" name="Test" tests="1" failures="0" timestamp="2021-12-22T17:55:27 IST" time="0.078" errors="0">
  <testcase name="@BeforeTest LaunchApp" time="0.017" classname="mavenProjUsingJavaScript.JavaScriptEx1">
    <failure type="java.lang.UnsupportedClassVersionError" message="io/github/bonigarcia/wdm/WebDriverManager has been compiled by a more recent version of the Java Runtime (class file version 55.0), this version of the Java Runtime only recognizes class file versions up to 52.0">
      <![CDATA[java.lang.UnsupportedClassVersionError: io/github/bonigarcia/wdm/WebDriverManager has been compiled by a more recent version of the Java Runtime (class file version 55.0), this version of the Java Runtime only recognizes class file versions up to 52.0
at java.lang.ClassLoader.defineClass1(Native Method)
at java.lang.ClassLoader.defineClass(Unknown Source)
at java.security.SecureClassLoader.defineClass(Unknown Source)
at java.net.URLClassLoader.defineClass(Unknown Source)
at java.net.URLClassLoader.access$100(Unknown Source)
at java.net.URLClassLoader$1.run(Unknown Source)
at java.net.URLClassLoader$1.run(Unknown Source)
at java.security.AccessController.doPrivileged(Native Method)
at java.net.URLClassLoader.findClass(Unknown Source)
at java.lang.ClassLoader.loadClass(Unknown Source)
at sun.misc.Launcher$AppClassLoader.loadClass(Unknown Source)
at java.lang.ClassLoader.loadClass(Unknown Source)
at mavenProjUsingJavaScript.JavaScriptEx1.LaunchApp(JavaScriptEx1.java:22)
... Removed 28 stack frames]]>
    </failure>
  </testcase> <!-- @BeforeTest LaunchApp -->
  <testcase name="@AfterTest CloseApp" time="-1.64017592765E9" classname="mavenProjUsingJavaScript.JavaScriptEx1">
    <skipped/>
  </testcase> <!-- @AfterTest CloseApp -->
  <testcase name="ProdSelect" time="0.0" classname="mavenProjUsingJavaScript.JavaScriptEx1">
    <skipped/>
  </testcase> <!-- ProdSelect -->
</testsuite> <!-- Test -->
